---------------------------------------------------------------

[2020-07-09T08:36:21+08:00] 127.0.0.1 GET www.firstapi.com/index/index/index
[运行时间：0.034692s] [吞吐率：28.83req/s] [内存消耗：1,682.33kb] [文件加载：57]
[ info ] [ LANG ] D:\work\phpstudy_pro\WWW\firstApi\thinkphp\lang\zh-cn.php
[ info ] [ ROUTE ] array (
)
[ info ] [ HEADER ] array (
  'cookie' => 'pgv_pvi=7778595840; pgv_si=s2265188352',
  'accept-language' => 'zh-CN,zh;q=0.9,zh-TW;q=0.8,en-US;q=0.7,en;q=0.6,zh-HK;q=0.5',
  'accept-encoding' => 'gzip, deflate',
  'accept' => 'text/html,application/xhtml+xml,application/xml;q=0.9,image/webp,image/apng,*/*;q=0.8,application/signed-exchange;v=b3;q=0.9',
  'user-agent' => 'Mozilla/5.0 (Windows NT 10.0; Win64; x64) AppleWebKit/537.36 (KHTML, like Gecko) Chrome/83.0.4103.116 Safari/537.36',
  'upgrade-insecure-requests' => '1',
  'cache-control' => 'max-age=0',
  'connection' => 'close',
  'host' => 'www.firstapi.com',
)
[ info ] [ PARAM ] array (
)
---------------------------------------------------------------

[2020-07-09T17:40:31+08:00] 127.0.0.1 GET www.firstapi.com/index/index/index
[运行时间：0.032783s] [吞吐率：30.50req/s] [内存消耗：1,682.41kb] [文件加载：57]
[ info ] [ LANG ] D:\work\phpstudy_pro\WWW\firstApi\thinkphp\lang\zh-cn.php
[ info ] [ ROUTE ] array (
)
[ info ] [ HEADER ] array (
  'cookie' => 'pgv_pvi=7778595840; pgv_si=s2265188352',
  'accept-language' => 'zh-CN,zh;q=0.9,zh-TW;q=0.8,en-US;q=0.7,en;q=0.6,zh-HK;q=0.5',
  'accept-encoding' => 'gzip, deflate',
  'accept' => 'text/html,application/xhtml+xml,application/xml;q=0.9,image/webp,image/apng,*/*;q=0.8,application/signed-exchange;v=b3;q=0.9',
  'user-agent' => 'Mozilla/5.0 (Windows NT 10.0; Win64; x64) AppleWebKit/537.36 (KHTML, like Gecko) Chrome/83.0.4103.116 Safari/537.36',
  'upgrade-insecure-requests' => '1',
  'cache-control' => 'max-age=0',
  'connection' => 'close',
  'host' => 'www.firstapi.com',
)
[ info ] [ PARAM ] array (
)
---------------------------------------------------------------

[2020-07-09T17:41:31+08:00] 127.0.0.1 GET www.firstapi.com/user/user/login
[运行时间：0.026665s] [吞吐率：37.50req/s] [内存消耗：1,729.53kb] [文件加载：61]
[ info ] [ LANG ] D:\work\phpstudy_pro\WWW\firstApi\thinkphp\lang\zh-cn.php
[ info ] [ ROUTE ] array (
)
[ info ] [ HEADER ] array (
  'cookie' => 'pgv_pvi=7778595840; pgv_si=s2265188352',
  'accept-language' => 'zh-CN,zh;q=0.9,zh-TW;q=0.8,en-US;q=0.7,en;q=0.6,zh-HK;q=0.5',
  'accept-encoding' => 'gzip, deflate',
  'accept' => 'text/html,application/xhtml+xml,application/xml;q=0.9,image/webp,image/apng,*/*;q=0.8,application/signed-exchange;v=b3;q=0.9',
  'user-agent' => 'Mozilla/5.0 (Windows NT 10.0; Win64; x64) AppleWebKit/537.36 (KHTML, like Gecko) Chrome/83.0.4103.116 Safari/537.36',
  'upgrade-insecure-requests' => '1',
  'connection' => 'close',
  'host' => 'www.firstapi.com',
)
[ info ] [ PARAM ] array (
)
---------------------------------------------------------------

[2020-07-09T17:42:25+08:00] 127.0.0.1 GET www.firstapi.com/user/Index/login
[运行时间：0.016454s] [吞吐率：60.78req/s] [内存消耗：1,729.53kb] [文件加载：61]
[ info ] [ LANG ] D:\work\phpstudy_pro\WWW\firstApi\thinkphp\lang\zh-cn.php
[ info ] [ ROUTE ] array (
)
[ info ] [ HEADER ] array (
  'cookie' => 'pgv_pvi=7778595840; pgv_si=s2265188352',
  'accept-language' => 'zh-CN,zh;q=0.9,zh-TW;q=0.8,en-US;q=0.7,en;q=0.6,zh-HK;q=0.5',
  'accept-encoding' => 'gzip, deflate',
  'accept' => 'text/html,application/xhtml+xml,application/xml;q=0.9,image/webp,image/apng,*/*;q=0.8,application/signed-exchange;v=b3;q=0.9',
  'user-agent' => 'Mozilla/5.0 (Windows NT 10.0; Win64; x64) AppleWebKit/537.36 (KHTML, like Gecko) Chrome/83.0.4103.116 Safari/537.36',
  'upgrade-insecure-requests' => '1',
  'connection' => 'close',
  'host' => 'www.firstapi.com',
)
[ info ] [ PARAM ] array (
)
---------------------------------------------------------------

[2020-07-09T17:42:38+08:00] 127.0.0.1 GET www.firstapi.com/user/Index/index
[运行时间：0.016302s] [吞吐率：61.34req/s] [内存消耗：1,729.53kb] [文件加载：61]
[ info ] [ LANG ] D:\work\phpstudy_pro\WWW\firstApi\thinkphp\lang\zh-cn.php
[ info ] [ ROUTE ] array (
)
[ info ] [ HEADER ] array (
  'cookie' => 'pgv_pvi=7778595840; pgv_si=s2265188352',
  'accept-language' => 'zh-CN,zh;q=0.9,zh-TW;q=0.8,en-US;q=0.7,en;q=0.6,zh-HK;q=0.5',
  'accept-encoding' => 'gzip, deflate',
  'accept' => 'text/html,application/xhtml+xml,application/xml;q=0.9,image/webp,image/apng,*/*;q=0.8,application/signed-exchange;v=b3;q=0.9',
  'user-agent' => 'Mozilla/5.0 (Windows NT 10.0; Win64; x64) AppleWebKit/537.36 (KHTML, like Gecko) Chrome/83.0.4103.116 Safari/537.36',
  'upgrade-insecure-requests' => '1',
  'connection' => 'close',
  'host' => 'www.firstapi.com',
)
[ info ] [ PARAM ] array (
)
---------------------------------------------------------------

[2020-07-09T17:42:40+08:00] 127.0.0.1 GET www.firstapi.com/user/Index/index
[运行时间：0.013783s] [吞吐率：72.55req/s] [内存消耗：1,730.17kb] [文件加载：61]
[ info ] [ LANG ] D:\work\phpstudy_pro\WWW\firstApi\thinkphp\lang\zh-cn.php
[ info ] [ ROUTE ] array (
)
[ info ] [ HEADER ] array (
  'cookie' => 'pgv_pvi=7778595840; pgv_si=s2265188352',
  'accept-language' => 'zh-CN,zh;q=0.9,zh-TW;q=0.8,en-US;q=0.7,en;q=0.6,zh-HK;q=0.5',
  'accept-encoding' => 'gzip, deflate',
  'accept' => 'text/html,application/xhtml+xml,application/xml;q=0.9,image/webp,image/apng,*/*;q=0.8,application/signed-exchange;v=b3;q=0.9',
  'user-agent' => 'Mozilla/5.0 (Windows NT 10.0; Win64; x64) AppleWebKit/537.36 (KHTML, like Gecko) Chrome/83.0.4103.116 Safari/537.36',
  'upgrade-insecure-requests' => '1',
  'cache-control' => 'max-age=0',
  'connection' => 'close',
  'host' => 'www.firstapi.com',
)
[ info ] [ PARAM ] array (
)
---------------------------------------------------------------

[2020-07-09T17:42:40+08:00] 127.0.0.1 GET www.firstapi.com/user/Index/index
[运行时间：0.013320s] [吞吐率：75.08req/s] [内存消耗：1,730.17kb] [文件加载：61]
[ info ] [ LANG ] D:\work\phpstudy_pro\WWW\firstApi\thinkphp\lang\zh-cn.php
[ info ] [ ROUTE ] array (
)
[ info ] [ HEADER ] array (
  'cookie' => 'pgv_pvi=7778595840; pgv_si=s2265188352',
  'accept-language' => 'zh-CN,zh;q=0.9,zh-TW;q=0.8,en-US;q=0.7,en;q=0.6,zh-HK;q=0.5',
  'accept-encoding' => 'gzip, deflate',
  'accept' => 'text/html,application/xhtml+xml,application/xml;q=0.9,image/webp,image/apng,*/*;q=0.8,application/signed-exchange;v=b3;q=0.9',
  'user-agent' => 'Mozilla/5.0 (Windows NT 10.0; Win64; x64) AppleWebKit/537.36 (KHTML, like Gecko) Chrome/83.0.4103.116 Safari/537.36',
  'upgrade-insecure-requests' => '1',
  'cache-control' => 'max-age=0',
  'connection' => 'close',
  'host' => 'www.firstapi.com',
)
[ info ] [ PARAM ] array (
)
---------------------------------------------------------------

[2020-07-09T17:42:40+08:00] 127.0.0.1 GET www.firstapi.com/user/Index/index
[运行时间：0.014100s] [吞吐率：70.92req/s] [内存消耗：1,730.17kb] [文件加载：61]
[ info ] [ LANG ] D:\work\phpstudy_pro\WWW\firstApi\thinkphp\lang\zh-cn.php
[ info ] [ ROUTE ] array (
)
[ info ] [ HEADER ] array (
  'cookie' => 'pgv_pvi=7778595840; pgv_si=s2265188352',
  'accept-language' => 'zh-CN,zh;q=0.9,zh-TW;q=0.8,en-US;q=0.7,en;q=0.6,zh-HK;q=0.5',
  'accept-encoding' => 'gzip, deflate',
  'accept' => 'text/html,application/xhtml+xml,application/xml;q=0.9,image/webp,image/apng,*/*;q=0.8,application/signed-exchange;v=b3;q=0.9',
  'user-agent' => 'Mozilla/5.0 (Windows NT 10.0; Win64; x64) AppleWebKit/537.36 (KHTML, like Gecko) Chrome/83.0.4103.116 Safari/537.36',
  'upgrade-insecure-requests' => '1',
  'cache-control' => 'max-age=0',
  'connection' => 'close',
  'host' => 'www.firstapi.com',
)
[ info ] [ PARAM ] array (
)
---------------------------------------------------------------

[2020-07-09T17:42:40+08:00] 127.0.0.1 GET www.firstapi.com/user/Index/index
[运行时间：0.013983s] [吞吐率：71.52req/s] [内存消耗：1,730.17kb] [文件加载：61]
[ info ] [ LANG ] D:\work\phpstudy_pro\WWW\firstApi\thinkphp\lang\zh-cn.php
[ info ] [ ROUTE ] array (
)
[ info ] [ HEADER ] array (
  'cookie' => 'pgv_pvi=7778595840; pgv_si=s2265188352',
  'accept-language' => 'zh-CN,zh;q=0.9,zh-TW;q=0.8,en-US;q=0.7,en;q=0.6,zh-HK;q=0.5',
  'accept-encoding' => 'gzip, deflate',
  'accept' => 'text/html,application/xhtml+xml,application/xml;q=0.9,image/webp,image/apng,*/*;q=0.8,application/signed-exchange;v=b3;q=0.9',
  'user-agent' => 'Mozilla/5.0 (Windows NT 10.0; Win64; x64) AppleWebKit/537.36 (KHTML, like Gecko) Chrome/83.0.4103.116 Safari/537.36',
  'upgrade-insecure-requests' => '1',
  'cache-control' => 'max-age=0',
  'connection' => 'close',
  'host' => 'www.firstapi.com',
)
[ info ] [ PARAM ] array (
)
---------------------------------------------------------------

[2020-07-09T17:42:41+08:00] 127.0.0.1 GET www.firstapi.com/user/Index/index
[运行时间：0.019075s] [吞吐率：52.42req/s] [内存消耗：1,730.17kb] [文件加载：61]
[ info ] [ LANG ] D:\work\phpstudy_pro\WWW\firstApi\thinkphp\lang\zh-cn.php
[ info ] [ ROUTE ] array (
)
[ info ] [ HEADER ] array (
  'cookie' => 'pgv_pvi=7778595840; pgv_si=s2265188352',
  'accept-language' => 'zh-CN,zh;q=0.9,zh-TW;q=0.8,en-US;q=0.7,en;q=0.6,zh-HK;q=0.5',
  'accept-encoding' => 'gzip, deflate',
  'accept' => 'text/html,application/xhtml+xml,application/xml;q=0.9,image/webp,image/apng,*/*;q=0.8,application/signed-exchange;v=b3;q=0.9',
  'user-agent' => 'Mozilla/5.0 (Windows NT 10.0; Win64; x64) AppleWebKit/537.36 (KHTML, like Gecko) Chrome/83.0.4103.116 Safari/537.36',
  'upgrade-insecure-requests' => '1',
  'cache-control' => 'max-age=0',
  'connection' => 'close',
  'host' => 'www.firstapi.com',
)
[ info ] [ PARAM ] array (
)
---------------------------------------------------------------

[2020-07-09T17:42:41+08:00] 127.0.0.1 GET www.firstapi.com/user/Index/index
[运行时间：0.014006s] [吞吐率：71.40req/s] [内存消耗：1,730.17kb] [文件加载：61]
[ info ] [ LANG ] D:\work\phpstudy_pro\WWW\firstApi\thinkphp\lang\zh-cn.php
[ info ] [ ROUTE ] array (
)
[ info ] [ HEADER ] array (
  'cookie' => 'pgv_pvi=7778595840; pgv_si=s2265188352',
  'accept-language' => 'zh-CN,zh;q=0.9,zh-TW;q=0.8,en-US;q=0.7,en;q=0.6,zh-HK;q=0.5',
  'accept-encoding' => 'gzip, deflate',
  'accept' => 'text/html,application/xhtml+xml,application/xml;q=0.9,image/webp,image/apng,*/*;q=0.8,application/signed-exchange;v=b3;q=0.9',
  'user-agent' => 'Mozilla/5.0 (Windows NT 10.0; Win64; x64) AppleWebKit/537.36 (KHTML, like Gecko) Chrome/83.0.4103.116 Safari/537.36',
  'upgrade-insecure-requests' => '1',
  'cache-control' => 'max-age=0',
  'connection' => 'close',
  'host' => 'www.firstapi.com',
)
[ info ] [ PARAM ] array (
)
---------------------------------------------------------------

[2020-07-09T17:42:45+08:00] 127.0.0.1 GET www.firstapi.com/index/index/index
[运行时间：0.013529s] [吞吐率：73.92req/s] [内存消耗：1,681.77kb] [文件加载：57]
[ info ] [ LANG ] D:\work\phpstudy_pro\WWW\firstApi\thinkphp\lang\zh-cn.php
[ info ] [ ROUTE ] array (
)
[ info ] [ HEADER ] array (
  'cookie' => 'pgv_pvi=7778595840; pgv_si=s2265188352',
  'accept-language' => 'zh-CN,zh;q=0.9,zh-TW;q=0.8,en-US;q=0.7,en;q=0.6,zh-HK;q=0.5',
  'accept-encoding' => 'gzip, deflate',
  'accept' => 'text/html,application/xhtml+xml,application/xml;q=0.9,image/webp,image/apng,*/*;q=0.8,application/signed-exchange;v=b3;q=0.9',
  'user-agent' => 'Mozilla/5.0 (Windows NT 10.0; Win64; x64) AppleWebKit/537.36 (KHTML, like Gecko) Chrome/83.0.4103.116 Safari/537.36',
  'upgrade-insecure-requests' => '1',
  'connection' => 'close',
  'host' => 'www.firstapi.com',
)
[ info ] [ PARAM ] array (
)
---------------------------------------------------------------

[2020-07-09T17:42:49+08:00] 127.0.0.1 GET www.firstapi.com/user/index/index
[运行时间：0.013709s] [吞吐率：72.94req/s] [内存消耗：1,729.53kb] [文件加载：61]
[ info ] [ LANG ] D:\work\phpstudy_pro\WWW\firstApi\thinkphp\lang\zh-cn.php
[ info ] [ ROUTE ] array (
)
[ info ] [ HEADER ] array (
  'cookie' => 'pgv_pvi=7778595840; pgv_si=s2265188352',
  'accept-language' => 'zh-CN,zh;q=0.9,zh-TW;q=0.8,en-US;q=0.7,en;q=0.6,zh-HK;q=0.5',
  'accept-encoding' => 'gzip, deflate',
  'accept' => 'text/html,application/xhtml+xml,application/xml;q=0.9,image/webp,image/apng,*/*;q=0.8,application/signed-exchange;v=b3;q=0.9',
  'user-agent' => 'Mozilla/5.0 (Windows NT 10.0; Win64; x64) AppleWebKit/537.36 (KHTML, like Gecko) Chrome/83.0.4103.116 Safari/537.36',
  'upgrade-insecure-requests' => '1',
  'connection' => 'close',
  'host' => 'www.firstapi.com',
)
[ info ] [ PARAM ] array (
)
---------------------------------------------------------------

[2020-07-09T17:43:06+08:00] 127.0.0.1 GET www.firstapi.com/user/User/index
[运行时间：0.014824s] [吞吐率：67.46req/s] [内存消耗：1,729.53kb] [文件加载：61]
[ info ] [ LANG ] D:\work\phpstudy_pro\WWW\firstApi\thinkphp\lang\zh-cn.php
[ info ] [ ROUTE ] array (
)
[ info ] [ HEADER ] array (
  'cookie' => 'pgv_pvi=7778595840; pgv_si=s2265188352',
  'accept-language' => 'zh-CN,zh;q=0.9,zh-TW;q=0.8,en-US;q=0.7,en;q=0.6,zh-HK;q=0.5',
  'accept-encoding' => 'gzip, deflate',
  'accept' => 'text/html,application/xhtml+xml,application/xml;q=0.9,image/webp,image/apng,*/*;q=0.8,application/signed-exchange;v=b3;q=0.9',
  'user-agent' => 'Mozilla/5.0 (Windows NT 10.0; Win64; x64) AppleWebKit/537.36 (KHTML, like Gecko) Chrome/83.0.4103.116 Safari/537.36',
  'upgrade-insecure-requests' => '1',
  'connection' => 'close',
  'host' => 'www.firstapi.com',
)
[ info ] [ PARAM ] array (
)
---------------------------------------------------------------

[2020-07-09T17:43:16+08:00] 127.0.0.1 GET www.firstapi.com/user/User/login
[运行时间：0.014508s] [吞吐率：68.93req/s] [内存消耗：1,729.53kb] [文件加载：61]
[ info ] [ LANG ] D:\work\phpstudy_pro\WWW\firstApi\thinkphp\lang\zh-cn.php
[ info ] [ ROUTE ] array (
)
[ info ] [ HEADER ] array (
  'cookie' => 'pgv_pvi=7778595840; pgv_si=s2265188352',
  'accept-language' => 'zh-CN,zh;q=0.9,zh-TW;q=0.8,en-US;q=0.7,en;q=0.6,zh-HK;q=0.5',
  'accept-encoding' => 'gzip, deflate',
  'accept' => 'text/html,application/xhtml+xml,application/xml;q=0.9,image/webp,image/apng,*/*;q=0.8,application/signed-exchange;v=b3;q=0.9',
  'user-agent' => 'Mozilla/5.0 (Windows NT 10.0; Win64; x64) AppleWebKit/537.36 (KHTML, like Gecko) Chrome/83.0.4103.116 Safari/537.36',
  'upgrade-insecure-requests' => '1',
  'connection' => 'close',
  'host' => 'www.firstapi.com',
)
[ info ] [ PARAM ] array (
)
---------------------------------------------------------------

[2020-07-09T17:43:48+08:00] 127.0.0.1 GET www.firstapi.com/user/User/login
[运行时间：0.014399s] [吞吐率：69.45req/s] [内存消耗：1,730.17kb] [文件加载：61]
[ info ] [ LANG ] D:\work\phpstudy_pro\WWW\firstApi\thinkphp\lang\zh-cn.php
[ info ] [ ROUTE ] array (
)
[ info ] [ HEADER ] array (
  'cookie' => 'pgv_pvi=7778595840; pgv_si=s2265188352',
  'accept-language' => 'zh-CN,zh;q=0.9,zh-TW;q=0.8,en-US;q=0.7,en;q=0.6,zh-HK;q=0.5',
  'accept-encoding' => 'gzip, deflate',
  'accept' => 'text/html,application/xhtml+xml,application/xml;q=0.9,image/webp,image/apng,*/*;q=0.8,application/signed-exchange;v=b3;q=0.9',
  'user-agent' => 'Mozilla/5.0 (Windows NT 10.0; Win64; x64) AppleWebKit/537.36 (KHTML, like Gecko) Chrome/83.0.4103.116 Safari/537.36',
  'upgrade-insecure-requests' => '1',
  'cache-control' => 'max-age=0',
  'connection' => 'close',
  'host' => 'www.firstapi.com',
)
[ info ] [ PARAM ] array (
)
